[  3453.538] (--) Log file renamed from "/home/khushi/.local/share/xorg/Xorg.pid-2162.log" to "/home/khushi/.local/share/xorg/Xorg.0.log"
[  3453.538] 
X.Org X Server 1.20.8
X Protocol Version 11, Revision 0
[  3453.539] Build Operating System: Linux 4.15.0-163-generic x86_64 Ubuntu
[  3453.539] Current Operating System: Linux khushi-VirtualBox 5.4.0-100-generic #113~18.04.1-Ubuntu SMP Mon Feb 7 15:02:59 UTC 2022 x86_64
[  3453.539] Kernel command line: BOOT_IMAGE=/boot/vmlinuz-5.4.0-100-generic root=UUID=52289833-5284-4382-972e-a15e280af15b ro quiet splash
[  3453.539] Build Date: 14 December 2021  02:34:57PM
[  3453.539] xorg-server-hwe-18.04 2:1.20.8-2ubuntu2.2~18.04.6 (For technical support please see http://www.ubuntu.com/support) 
[  3453.539] Current version of pixman: 0.34.0
[  3453.539] 	Before reporting problems, check http://wiki.x.org
	to make sure that you have the latest version.
[  3453.539] Markers: (--) probed, (**) from config file, (==) default setting,
	(++) from command line, (!!) notice, (II) informational,
	(WW) warning, (EE) error, (NI) not implemented, (??) unknown.
[  3453.539] (==) Log file: "/home/khushi/.local/share/xorg/Xorg.0.log", Time: Fri Mar 11 16:02:57 2022
[  3453.539] (==) Using system config directory "/usr/share/X11/xorg.conf.d"
[  3453.539] (==) No Layout section.  Using the first Screen section.
[  3453.539] (==) No screen section available. Using defaults.
[  3453.539] (**) |-->Screen "Default Screen Section" (0)
[  3453.539] (**) |   |-->Monitor "<default monitor>"
[  3453.540] (==) No monitor specified for screen "Default Screen Section".
	Using a default monitor configuration.
[  3453.540] (==) Automatically adding devices
[  3453.540] (==) Automatically enabling devices
[  3453.540] (==) Automatically adding GPU devices
[  3453.540] (==) Automatically binding GPU devices
[  3453.540] (==) Max clients allowed: 256, resource mask: 0x1fffff
[  3453.540] (WW) The directory "/usr/share/fonts/X11/cyrillic" does not exist.
[  3453.540] 	Entry deleted from font path.
[  3453.540] (WW) The directory "/usr/share/fonts/X11/100dpi/" does not exist.
[  3453.540] 	Entry deleted from font path.
[  3453.540] (WW) The directory "/usr/share/fonts/X11/75dpi/" does not exist.
[  3453.540] 	Entry deleted from font path.
[  3453.540] (WW) The directory "/usr/share/fonts/X11/100dpi" does not exist.
[  3453.540] 	Entry deleted from font path.
[  3453.540] (WW) The directory "/usr/share/fonts/X11/75dpi" does not exist.
[  3453.540] 	Entry deleted from font path.
[  3453.540] (==) FontPath set to:
	/usr/share/fonts/X11/misc,
	/usr/share/fonts/X11/Type1,
	built-ins
[  3453.540] (==) ModulePath set to "/usr/lib/xorg/modules"
[  3453.540] (II) The server relies on udev to provide the list of input devices.
	If no devices become available, reconfigure udev or disable AutoAddDevices.
[  3453.540] (II) Loader magic: 0x5641ff5ef020
[  3453.540] (II) Module ABI versions:
[  3453.540] 	X.Org ANSI C Emulation: 0.4
[  3453.541] 	X.Org Video Driver: 24.1
[  3453.541] 	X.Org XInput driver : 24.1
[  3453.541] 	X.Org Server Extension : 10.0
[  3453.541] (++) using VT number 2

[  3453.543] (II) systemd-logind: took control of session /org/freedesktop/login1/session/_36
[  3453.546] (II) xfree86: Adding drm device (/dev/dri/card0)
[  3453.547] (II) systemd-logind: got fd for /dev/dri/card0 226:0 fd 12 paused 0
[  3453.553] (--) PCI:*(0@0:2:0) 15ad:0405:15ad:0405 rev 0, Mem @ 0xe0000000/16777216, 0xf0000000/2097152, I/O @ 0x0000d010/16, BIOS @ 0x????????/131072
[  3453.553] (II) LoadModule: "glx"
[  3453.553] (II) Loading /usr/lib/xorg/modules/extensions/libglx.so
[  3453.554] (II) Module glx: vendor="X.Org Foundation"
[  3453.554] 	compiled for 1.20.8, module version = 1.0.0
[  3453.554] 	ABI class: X.Org Server Extension, version 10.0
[  3453.554] (==) Matched vmware as autoconfigured driver 0
[  3453.554] (==) Matched modesetting as autoconfigured driver 1
[  3453.555] (==) Matched fbdev as autoconfigured driver 2
[  3453.555] (==) Matched vesa as autoconfigured driver 3
[  3453.555] (==) Assigned the driver to the xf86ConfigLayout
[  3453.555] (II) LoadModule: "vmware"
[  3453.555] (II) Loading /usr/lib/xorg/modules/drivers/vmware_drv.so
[  3453.561] (II) Module vmware: vendor="X.Org Foundation"
[  3453.561] 	compiled for 1.20.1, module version = 13.3.0
[  3453.562] 	Module class: X.Org Video Driver
[  3453.562] 	ABI class: X.Org Video Driver, version 24.0
[  3453.562] (II) LoadModule: "modesetting"
[  3453.562] (II) Loading /usr/lib/xorg/modules/drivers/modesetting_drv.so
[  3453.562] (II) Module modesetting: vendor="X.Org Foundation"
[  3453.562] 	compiled for 1.20.8, module version = 1.20.8
[  3453.562] 	Module class: X.Org Video Driver
[  3453.562] 	ABI class: X.Org Video Driver, version 24.1
[  3453.562] (II) LoadModule: "fbdev"
[  3453.562] (II) Loading /usr/lib/xorg/modules/drivers/fbdev_drv.so
[  3453.562] (II) Module fbdev: vendor="X.Org Foundation"
[  3453.562] 	compiled for 1.20.1, module version = 0.5.0
[  3453.562] 	Module class: X.Org Video Driver
[  3453.562] 	ABI class: X.Org Video Driver, version 24.0
[  3453.562] (II) LoadModule: "vesa"
[  3453.562] (II) Loading /usr/lib/xorg/modules/drivers/vesa_drv.so
[  3453.562] (II) Module vesa: vendor="X.Org Foundation"
[  3453.562] 	compiled for 1.20.1, module version = 2.4.0
[  3453.563] 	Module class: X.Org Video Driver
[  3453.563] 	ABI class: X.Org Video Driver, version 24.0
[  3453.563] (II) vmware: driver for VMware SVGA: vmware0405, vmware0710
[  3453.563] (II) modesetting: Driver for Modesetting Kernel Drivers: kms
[  3453.563] (II) FBDEV: driver for framebuffer: fbdev
[  3453.563] (II) VESA: driver for VESA chipsets: vesa
[  3453.563] xf86EnableIOPorts: failed to set IOPL for I/O (Operation not permitted)
[  3453.563] (WW) Falling back to old probe method for modesetting
[  3453.563] (WW) Falling back to old probe method for fbdev
[  3453.563] (II) Loading sub module "fbdevhw"
[  3453.563] (II) LoadModule: "fbdevhw"
[  3453.563] (II) Loading /usr/lib/xorg/modules/libfbdevhw.so
[  3453.574] (II) Module fbdevhw: vendor="X.Org Foundation"
[  3453.574] 	compiled for 1.20.8, module version = 0.0.2
[  3453.575] 	ABI class: X.Org Video Driver, version 24.1
[  3453.575] (EE) open /dev/fb0: Permission denied
[  3453.575] (WW) VGA arbiter: cannot open kernel arbiter, no multi-card support
[  3453.575] (II) vmware(0): Creating default Display subsection in Screen section
	"Default Screen Section" for depth/fbbpp 24/32
[  3453.575] (--) vmware(0): DRM driver version is 2.15.0
[  3453.575] (==) vmware(0): Depth 24, (--) framebuffer bpp 32
[  3453.575] (==) vmware(0): RGB weight 888
[  3453.575] (==) vmware(0): Default visual is TrueColor
[  3453.575] (--) vmware(0): Min width 1, Max Width 8192.
[  3453.575] (--) vmware(0): Min height 1, Max Height 8192.
[  3453.575] (II) vmware(0): Output Virtual1 has no monitor section
[  3453.575] (II) vmware(0): Output Virtual2 has no monitor section
[  3453.575] (II) vmware(0): Output Virtual3 has no monitor section
[  3453.576] (II) vmware(0): Output Virtual4 has no monitor section
[  3453.576] (II) vmware(0): Output Virtual5 has no monitor section
[  3453.576] (II) vmware(0): Output Virtual6 has no monitor section
[  3453.576] (II) vmware(0): Output Virtual7 has no monitor section
[  3453.576] (II) vmware(0): Output Virtual8 has no monitor section
[  3453.576] (II) vmware(0): Printing probed modes for output Virtual1
[  3453.576] (II) vmware(0): Modeline "800x600"x60.0   42.75  800 850 900 950  600 650 700 750 -hsync +vsync (45.0 kHz eP)
[  3453.576] (II) vmware(0): Modeline "2560x1600"x60.0  348.50  2560 2752 3032 3504  1600 1603 1609 1658 -hsync +vsync (99.5 kHz e)
[  3453.576] (II) vmware(0): Modeline "1920x1440"x60.0  234.00  1920 2048 2256 2600  1440 1441 1444 1500 -hsync +vsync (90.0 kHz e)
[  3453.576] (II) vmware(0): Modeline "1856x1392"x60.0  218.25  1856 1952 2176 2528  1392 1393 1396 1439 -hsync +vsync (86.3 kHz e)
[  3453.576] (II) vmware(0): Modeline "1792x1344"x60.0  204.75  1792 1920 2120 2448  1344 1345 1348 1394 -hsync +vsync (83.6 kHz e)
[  3453.576] (II) vmware(0): Modeline "1920x1200"x59.9  193.25  1920 2056 2256 2592  1200 1203 1209 1245 -hsync +vsync (74.6 kHz e)
[  3453.576] (II) vmware(0): Modeline "1600x1200"x60.0  162.00  1600 1664 1856 2160  1200 1201 1204 1250 +hsync +vsync (75.0 kHz e)
[  3453.577] (II) vmware(0): Modeline "1680x1050"x60.0  146.25  1680 1784 1960 2240  1050 1053 1059 1089 -hsync +vsync (65.3 kHz e)
[  3453.577] (II) vmware(0): Modeline "1400x1050"x60.0  121.75  1400 1488 1632 1864  1050 1053 1057 1089 -hsync +vsync (65.3 kHz e)
[  3453.577] (II) vmware(0): Modeline "1280x1024"x60.0  108.00  1280 1328 1440 1688  1024 1025 1028 1066 +hsync +vsync (64.0 kHz e)
[  3453.577] (II) vmware(0): Modeline "1440x900"x59.9  106.50  1440 1520 1672 1904  900 903 909 934 -hsync +vsync (55.9 kHz e)
[  3453.577] (II) vmware(0): Modeline "1280x960"x60.0  108.00  1280 1376 1488 1800  960 961 964 1000 +hsync +vsync (60.0 kHz e)
[  3453.577] (II) vmware(0): Modeline "1360x768"x60.0   85.50  1360 1424 1536 1792  768 771 777 795 +hsync +vsync (47.7 kHz e)
[  3453.577] (II) vmware(0): Modeline "1280x800"x59.8   83.50  1280 1352 1480 1680  800 803 809 831 +hsync -vsync (49.7 kHz e)
[  3453.577] (II) vmware(0): Modeline "1152x864"x75.0  108.00  1152 1216 1344 1600  864 865 868 900 +hsync +vsync (67.5 kHz e)
[  3453.577] (II) vmware(0): Modeline "1280x768"x59.9   79.50  1280 1344 1472 1664  768 771 778 798 -hsync +vsync (47.8 kHz e)
[  3453.577] (II) vmware(0): Modeline "1024x768"x60.0   65.00  1024 1048 1184 1344  768 771 777 806 -hsync -vsync (48.4 kHz e)
[  3453.577] (II) vmware(0): Modeline "800x600"x60.3   40.00  800 840 968 1056  600 601 605 628 +hsync +vsync (37.9 kHz e)
[  3453.577] (II) vmware(0): Modeline "640x480"x59.9   25.18  640 656 752 800  480 489 492 525 -hsync -vsync (31.5 kHz e)
[  3453.577] (II) vmware(0): EDID for output Virtual2
[  3453.577] (II) vmware(0): EDID for output Virtual3
[  3453.578] (II) vmware(0): EDID for output Virtual4
[  3453.578] (II) vmware(0): EDID for output Virtual5
[  3453.578] (II) vmware(0): EDID for output Virtual6
[  3453.578] (II) vmware(0): EDID for output Virtual7
[  3453.578] (II) vmware(0): EDID for output Virtual8
[  3453.578] (II) vmware(0): Output Virtual1 connected
[  3453.578] (II) vmware(0): Output Virtual2 disconnected
[  3453.578] (II) vmware(0): Output Virtual3 disconnected
[  3453.578] (II) vmware(0): Output Virtual4 disconnected
[  3453.579] (II) vmware(0): Output Virtual5 disconnected
[  3453.579] (II) vmware(0): Output Virtual6 disconnected
[  3453.579] (II) vmware(0): Output Virtual7 disconnected
[  3453.579] (II) vmware(0): Output Virtual8 disconnected
[  3453.579] (II) vmware(0): Using exact sizes for initial modes
[  3453.579] (II) vmware(0): Output Virtual1 using initial mode 800x600 +0+0
[  3453.579] (==) vmware(0): DPI set to (96, 96)
[  3453.579] (==) vmware(0): Using gamma correction (1.0, 1.0, 1.0)
[  3453.579] (II) Loading sub module "fb"
[  3453.579] (II) LoadModule: "fb"
[  3453.579] (II) Loading /usr/lib/xorg/modules/libfb.so
[  3453.579] (II) Module fb: vendor="X.Org Foundation"
[  3453.579] 	compiled for 1.20.8, module version = 1.0.0
[  3453.579] 	ABI class: X.Org ANSI C Emulation, version 0.4
[  3453.579] (II) Loading sub module "dri2"
[  3453.579] (II) LoadModule: "dri2"
[  3453.579] (II) Module "dri2" already built-in
[  3453.580] (II) Loading sub module "dri3"
[  3453.580] (II) LoadModule: "dri3"
[  3453.580] (II) Module "dri3" already built-in
[  3453.580] (II) UnloadModule: "modesetting"
[  3453.580] (II) Unloading modesetting
[  3453.580] (II) UnloadModule: "fbdev"
[  3453.580] (II) Unloading fbdev
[  3453.580] (II) UnloadSubModule: "fbdevhw"
[  3453.581] (II) Unloading fbdevhw
[  3453.581] (II) UnloadModule: "vesa"
[  3453.581] (II) Unloading vesa
[  3453.582] (II) vmware(0): Initialized VMWARE_CTRL extension version 0.2
[  3453.585] (WW) vmware(0): Failed to initialize Gallium3D Xa. No render acceleration available.
[  3453.585] (WW) vmware(0): Skipped initialization of direct rendering due to lack of render acceleration.
[  3453.585] (--) vmware(0): Render acceleration is disabled.
[  3453.585] (==) vmware(0): Rendercheck mode is disabled.
[  3453.585] (--) vmware(0): Direct rendering (DRI2 3D) is disabled.
[  3453.585] (--) vmware(0): Direct rendering (DRI3 3D) is disabled.
[  3453.585] (==) vmware(0): Backing store enabled
[  3453.585] (==) vmware(0): Silken mouse enabled
[  3453.586] (==) vmware(0): DPMS enabled
[  3453.586] (II) vmware(0): No 3D acceleration. Not setting up textured video.
[  3453.586] (WW) vmware(0): Disabling Xv because no adaptors could be initialized.
[  3453.586] (II) Initializing extension Generic Event Extension
[  3453.586] (II) Initializing extension SHAPE
[  3453.586] (II) Initializing extension MIT-SHM
[  3453.586] (II) Initializing extension XInputExtension
[  3453.587] (II) Initializing extension XTEST
[  3453.587] (II) Initializing extension BIG-REQUESTS
[  3453.587] (II) Initializing extension SYNC
[  3453.587] (II) Initializing extension XKEYBOARD
[  3453.588] (II) Initializing extension XC-MISC
[  3453.588] (II) Initializing extension SECURITY
[  3453.588] (II) Initializing extension XFIXES
[  3453.588] (II) Initializing extension RENDER
[  3453.588] (II) Initializing extension RANDR
[  3453.588] (II) Initializing extension COMPOSITE
[  3453.589] (II) Initializing extension DAMAGE
[  3453.589] (II) Initializing extension MIT-SCREEN-SAVER
[  3453.589] (II) Initializing extension DOUBLE-BUFFER
[  3453.589] (II) Initializing extension RECORD
[  3453.589] (II) Initializing extension DPMS
[  3453.589] (II) Initializing extension Present
[  3453.589] (II) Initializing extension DRI3
[  3453.589] (II) Initializing extension X-Resource
[  3453.590] (II) Initializing extension XVideo
[  3453.590] (II) Initializing extension XVideo-MotionCompensation
[  3453.590] (II) Initializing extension SELinux
[  3453.590] (II) SELinux: Disabled on system
[  3453.590] (II) Initializing extension GLX
[  3453.590] (II) AIGLX: Screen 0 is not DRI2 capable
[  3453.595] (II) IGLX: Loaded and initialized swrast
[  3453.595] (II) GLX: Initialized DRISWRAST GL provider for screen 0
[  3453.595] (II) Initializing extension XFree86-VidModeExtension
[  3453.595] (II) Initializing extension XFree86-DGA
[  3453.595] (II) Initializing extension XFree86-DRI
[  3453.595] (II) Initializing extension DRI2
[  3453.598] (II) vmware(0): Setting screen physical size to 211 x 158
[  3453.627] (II) config/udev: Adding input device Power Button (/dev/input/event0)
[  3453.628] (**) Power Button: Applying InputClass "libinput keyboard catchall"
[  3453.628] (II) LoadModule: "libinput"
[  3453.628] (II) Loading /usr/lib/xorg/modules/input/libinput_drv.so
[  3453.628] (II) Module libinput: vendor="X.Org Foundation"
[  3453.628] 	compiled for 1.20.1, module version = 0.28.1
[  3453.628] 	Module class: X.Org XInput Driver
[  3453.628] 	ABI class: X.Org XInput driver, version 24.1
[  3453.629] (II) Using input driver 'libinput' for 'Power Button'
[  3453.636] (II) systemd-logind: got fd for /dev/input/event0 13:64 fd 20 paused 0
[  3453.636] (**) Power Button: always reports core events
[  3453.636] (**) Option "Device" "/dev/input/event0"
[  3453.636] (**) Option "_source" "server/udev"
[  3453.637] (II) event0  - Power Button: is tagged by udev as: Keyboard
[  3453.637] (II) event0  - Power Button: device is a keyboard
[  3453.637] (II) event0  - Power Button: device removed
[  3453.637] (**) Option "config_info" "udev:/sys/devices/LNXSYSTM:00/LNXPWRBN:00/input/input0/event0"
[  3453.637] (II) XINPUT: Adding extended input device "Power Button" (type: KEYBOARD, id 6)
[  3453.637] (**) Option "xkb_model" "pc105"
[  3453.637] (**) Option "xkb_layout" "us"
[  3453.638] (II) event0  - Power Button: is tagged by udev as: Keyboard
[  3453.638] (II) event0  - Power Button: device is a keyboard
[  3453.639] (II) config/udev: Adding input device Sleep Button (/dev/input/event1)
[  3453.639] (**) Sleep Button: Applying InputClass "libinput keyboard catchall"
[  3453.639] (II) Using input driver 'libinput' for 'Sleep Button'
[  3453.639] (II) systemd-logind: got fd for /dev/input/event1 13:65 fd 23 paused 0
[  3453.639] (**) Sleep Button: always reports core events
[  3453.639] (**) Option "Device" "/dev/input/event1"
[  3453.640] (**) Option "_source" "server/udev"
[  3453.640] (II) event1  - Sleep Button: is tagged by udev as: Keyboard
[  3453.640] (II) event1  - Sleep Button: device is a keyboard
[  3453.640] (II) event1  - Sleep Button: device removed
[  3453.640] (**) Option "config_info" "udev:/sys/devices/LNXSYSTM:00/LNXSLPBN:00/input/input1/event1"
[  3453.640] (II) XINPUT: Adding extended input device "Sleep Button" (type: KEYBOARD, id 7)
[  3453.640] (**) Option "xkb_model" "pc105"
[  3453.641] (**) Option "xkb_layout" "us"
[  3453.641] (II) event1  - Sleep Button: is tagged by udev as: Keyboard
[  3453.641] (II) event1  - Sleep Button: device is a keyboard
[  3453.642] (II) config/udev: Adding input device Video Bus (/dev/input/event3)
[  3453.642] (**) Video Bus: Applying InputClass "libinput keyboard catchall"
[  3453.642] (II) Using input driver 'libinput' for 'Video Bus'
[  3453.643] (II) systemd-logind: got fd for /dev/input/event3 13:67 fd 24 paused 0
[  3453.643] (**) Video Bus: always reports core events
[  3453.643] (**) Option "Device" "/dev/input/event3"
[  3453.643] (**) Option "_source" "server/udev"
[  3453.643] (II) event3  - Video Bus: is tagged by udev as: Keyboard
[  3453.643] (II) event3  - Video Bus: device is a keyboard
[  3453.643] (II) event3  - Video Bus: device removed
[  3453.643] (**) Option "config_info" "udev:/sys/devices/LNXSYSTM:00/LNXSYBUS:00/PNP0A03:00/LNXVIDEO:00/input/input4/event3"
[  3453.643] (II) XINPUT: Adding extended input device "Video Bus" (type: KEYBOARD, id 8)
[  3453.643] (**) Option "xkb_model" "pc105"
[  3453.643] (**) Option "xkb_layout" "us"
[  3453.644] (II) event3  - Video Bus: is tagged by udev as: Keyboard
[  3453.644] (II) event3  - Video Bus: device is a keyboard
[  3453.645] (II) config/udev: Adding input device VirtualBox mouse integration (/dev/input/event6)
[  3453.645] (**) VirtualBox mouse integration: Applying InputClass "libinput pointer catchall"
[  3453.646] (II) Using input driver 'libinput' for 'VirtualBox mouse integration'
[  3453.646] (II) systemd-logind: got fd for /dev/input/event6 13:70 fd 25 paused 0
[  3453.646] (**) VirtualBox mouse integration: always reports core events
[  3453.646] (**) Option "Device" "/dev/input/event6"
[  3453.646] (**) Option "_source" "server/udev"
[  3453.647] (II) event6  - VirtualBox mouse integration: is tagged by udev as: Mouse
[  3453.647] (II) event6  - VirtualBox mouse integration: device is a pointer
[  3453.647] (II) event6  - VirtualBox mouse integration: device removed
[  3453.647] (**) Option "config_info" "udev:/sys/devices/pci0000:00/0000:00:04.0/input/input7/event6"
[  3453.647] (II) XINPUT: Adding extended input device "VirtualBox mouse integration" (type: MOUSE, id 9)
[  3453.647] (**) Option "AccelerationScheme" "none"
[  3453.647] (**) VirtualBox mouse integration: (accel) selected scheme none/0
[  3453.647] (**) VirtualBox mouse integration: (accel) acceleration factor: 2.000
[  3453.647] (**) VirtualBox mouse integration: (accel) acceleration threshold: 4
[  3453.648] (II) event6  - VirtualBox mouse integration: is tagged by udev as: Mouse
[  3453.648] (II) event6  - VirtualBox mouse integration: device is a pointer
[  3453.648] (II) config/udev: Adding input device VirtualBox mouse integration (/dev/input/js1)
[  3453.648] (II) No input driver specified, ignoring this device.
[  3453.648] (II) This device may have been added with another device file.
[  3453.649] (II) config/udev: Adding input device VirtualBox USB Tablet (/dev/input/event5)
[  3453.649] (**) VirtualBox USB Tablet: Applying InputClass "libinput pointer catchall"
[  3453.649] (II) Using input driver 'libinput' for 'VirtualBox USB Tablet'
[  3453.707] (II) systemd-logind: got fd for /dev/input/event5 13:69 fd 26 paused 0
[  3453.707] (**) VirtualBox USB Tablet: always reports core events
[  3453.707] (**) Option "Device" "/dev/input/event5"
[  3453.707] (**) Option "_source" "server/udev"
[  3453.708] (II) event5  - VirtualBox USB Tablet: is tagged by udev as: Mouse
[  3453.708] (II) event5  - VirtualBox USB Tablet: device is a pointer
[  3453.708] (II) event5  - VirtualBox USB Tablet: device removed
[  3453.708] (**) Option "config_info" "udev:/sys/devices/pci0000:00/0000:00:06.0/usb1/1-1/1-1:1.0/0003:80EE:0021.0001/input/input6/event5"
[  3453.708] (II) XINPUT: Adding extended input device "VirtualBox USB Tablet" (type: MOUSE, id 10)
[  3453.708] (**) Option "AccelerationScheme" "none"
[  3453.708] (**) VirtualBox USB Tablet: (accel) selected scheme none/0
[  3453.708] (**) VirtualBox USB Tablet: (accel) acceleration factor: 2.000
[  3453.708] (**) VirtualBox USB Tablet: (accel) acceleration threshold: 4
[  3453.709] (II) event5  - VirtualBox USB Tablet: is tagged by udev as: Mouse
[  3453.709] (II) event5  - VirtualBox USB Tablet: device is a pointer
[  3453.710] (II) config/udev: Adding input device VirtualBox USB Tablet (/dev/input/js0)
[  3453.710] (II) No input driver specified, ignoring this device.
[  3453.710] (II) This device may have been added with another device file.
[  3453.718] (II) config/udev: Adding input device VirtualBox USB Tablet (/dev/input/mouse1)
[  3453.718] (II) No input driver specified, ignoring this device.
[  3453.718] (II) This device may have been added with another device file.
[  3453.719] (II) config/udev: Adding input device AT Translated Set 2 keyboard (/dev/input/event2)
[  3453.719] (**) AT Translated Set 2 keyboard: Applying InputClass "libinput keyboard catchall"
[  3453.720] (II) Using input driver 'libinput' for 'AT Translated Set 2 keyboard'
[  3453.720] (II) systemd-logind: got fd for /dev/input/event2 13:66 fd 27 paused 0
[  3453.720] (**) AT Translated Set 2 keyboard: always reports core events
[  3453.720] (**) Option "Device" "/dev/input/event2"
[  3453.720] (**) Option "_source" "server/udev"
[  3453.721] (II) event2  - AT Translated Set 2 keyboard: is tagged by udev as: Keyboard
[  3453.721] (II) event2  - AT Translated Set 2 keyboard: device is a keyboard
[  3453.721] (II) event2  - AT Translated Set 2 keyboard: device removed
[  3453.721] (**) Option "config_info" "udev:/sys/devices/platform/i8042/serio0/input/input2/event2"
[  3453.721] (II) XINPUT: Adding extended input device "AT Translated Set 2 keyboard" (type: KEYBOARD, id 11)
[  3453.721] (**) Option "xkb_model" "pc105"
[  3453.721] (**) Option "xkb_layout" "us"
[  3453.721] (II) event2  - AT Translated Set 2 keyboard: is tagged by udev as: Keyboard
[  3453.721] (II) event2  - AT Translated Set 2 keyboard: device is a keyboard
[  3453.722] (II) config/udev: Adding input device ImExPS/2 Generic Explorer Mouse (/dev/input/event4)
[  3453.722] (**) ImExPS/2 Generic Explorer Mouse: Applying InputClass "libinput pointer catchall"
[  3453.722] (II) Using input driver 'libinput' for 'ImExPS/2 Generic Explorer Mouse'
[  3453.723] (II) systemd-logind: got fd for /dev/input/event4 13:68 fd 28 paused 0
[  3453.723] (**) ImExPS/2 Generic Explorer Mouse: always reports core events
[  3453.723] (**) Option "Device" "/dev/input/event4"
[  3453.723] (**) Option "_source" "server/udev"
[  3453.723] (II) event4  - ImExPS/2 Generic Explorer Mouse: is tagged by udev as: Mouse
[  3453.723] (II) event4  - ImExPS/2 Generic Explorer Mouse: device is a pointer
[  3453.723] (II) event4  - ImExPS/2 Generic Explorer Mouse: device removed
[  3453.723] (**) Option "config_info" "udev:/sys/devices/platform/i8042/serio1/input/input5/event4"
[  3453.724] (II) XINPUT: Adding extended input device "ImExPS/2 Generic Explorer Mouse" (type: MOUSE, id 12)
[  3453.724] (**) Option "AccelerationScheme" "none"
[  3453.724] (**) ImExPS/2 Generic Explorer Mouse: (accel) selected scheme none/0
[  3453.724] (**) ImExPS/2 Generic Explorer Mouse: (accel) acceleration factor: 2.000
[  3453.724] (**) ImExPS/2 Generic Explorer Mouse: (accel) acceleration threshold: 4
[  3453.724] (II) event4  - ImExPS/2 Generic Explorer Mouse: is tagged by udev as: Mouse
[  3453.725] (II) event4  - ImExPS/2 Generic Explorer Mouse: device is a pointer
[  3453.725] (II) config/udev: Adding input device ImExPS/2 Generic Explorer Mouse (/dev/input/mouse0)
[  3453.725] (II) No input driver specified, ignoring this device.
[  3453.725] (II) This device may have been added with another device file.
[  3454.034] (EE) No surface to present from.
[  3478.968] (II) event4  - ImExPS/2 Generic Explorer Mouse: Enabling spurious button debouncing, see https://wayland.freedesktop.org/libinput/doc/1.10.4/button_debouncing.html for details
