[    16.793] _XSERVTransSocketUNIXCreateListener: ...SocketCreateListener() failed
[    16.793] _XSERVTransMakeAllCOTSServerListeners: server already running
[    16.795] (--) Log file renamed from "/home/khushi/.local/share/xorg/Xorg.pid-1222.log" to "/home/khushi/.local/share/xorg/Xorg.1.log"
[    16.795] 
X.Org X Server 1.20.8
X Protocol Version 11, Revision 0
[    16.795] Build Operating System: Linux 4.15.0-163-generic x86_64 Ubuntu
[    16.795] Current Operating System: Linux khushi-VirtualBox 5.4.0-104-generic #118~18.04.1-Ubuntu SMP Thu Mar 3 13:53:15 UTC 2022 x86_64
[    16.795] Kernel command line: BOOT_IMAGE=/boot/vmlinuz-5.4.0-104-generic root=UUID=52289833-5284-4382-972e-a15e280af15b ro quiet splash
[    16.795] Build Date: 14 December 2021  02:34:57PM
[    16.795] xorg-server-hwe-18.04 2:1.20.8-2ubuntu2.2~18.04.6 (For technical support please see http://www.ubuntu.com/support) 
[    16.795] Current version of pixman: 0.34.0
[    16.795] 	Before reporting problems, check http://wiki.x.org
	to make sure that you have the latest version.
[    16.795] Markers: (--) probed, (**) from config file, (==) default setting,
	(++) from command line, (!!) notice, (II) informational,
	(WW) warning, (EE) error, (NI) not implemented, (??) unknown.
[    16.795] (==) Log file: "/home/khushi/.local/share/xorg/Xorg.1.log", Time: Mon Mar 28 08:07:03 2022
[    16.795] (==) Using system config directory "/usr/share/X11/xorg.conf.d"
[    16.795] (==) No Layout section.  Using the first Screen section.
[    16.795] (==) No screen section available. Using defaults.
[    16.795] (**) |-->Screen "Default Screen Section" (0)
[    16.795] (**) |   |-->Monitor "<default monitor>"
[    16.795] (==) No monitor specified for screen "Default Screen Section".
	Using a default monitor configuration.
[    16.795] (==) Automatically adding devices
[    16.795] (==) Automatically enabling devices
[    16.795] (==) Automatically adding GPU devices
[    16.795] (==) Automatically binding GPU devices
[    16.795] (==) Max clients allowed: 256, resource mask: 0x1fffff
[    16.795] (WW) The directory "/usr/share/fonts/X11/cyrillic" does not exist.
[    16.795] 	Entry deleted from font path.
[    16.795] (WW) The directory "/usr/share/fonts/X11/100dpi/" does not exist.
[    16.795] 	Entry deleted from font path.
[    16.795] (WW) The directory "/usr/share/fonts/X11/75dpi/" does not exist.
[    16.795] 	Entry deleted from font path.
[    16.795] (WW) The directory "/usr/share/fonts/X11/100dpi" does not exist.
[    16.795] 	Entry deleted from font path.
[    16.795] (WW) The directory "/usr/share/fonts/X11/75dpi" does not exist.
[    16.795] 	Entry deleted from font path.
[    16.795] (==) FontPath set to:
	/usr/share/fonts/X11/misc,
	/usr/share/fonts/X11/Type1,
	built-ins
[    16.795] (==) ModulePath set to "/usr/lib/xorg/modules"
[    16.795] (II) The server relies on udev to provide the list of input devices.
	If no devices become available, reconfigure udev or disable AutoAddDevices.
[    16.795] (II) Loader magic: 0x556fd04e1020
[    16.795] (II) Module ABI versions:
[    16.795] 	X.Org ANSI C Emulation: 0.4
[    16.795] 	X.Org Video Driver: 24.1
[    16.795] 	X.Org XInput driver : 24.1
[    16.796] 	X.Org Server Extension : 10.0
[    16.799] (++) using VT number 2

[    16.800] (II) systemd-logind: took control of session /org/freedesktop/login1/session/_33
[    16.801] (II) xfree86: Adding drm device (/dev/dri/card0)
[    16.801] (II) systemd-logind: got fd for /dev/dri/card0 226:0 fd 13 paused 0
[    16.807] (--) PCI:*(0@0:2:0) 15ad:0405:15ad:0405 rev 0, Mem @ 0xe0000000/16777216, 0xf0000000/2097152, I/O @ 0x0000d010/16, BIOS @ 0x????????/131072
[    16.807] (II) LoadModule: "glx"
[    16.807] (II) Loading /usr/lib/xorg/modules/extensions/libglx.so
[    16.810] (II) Module glx: vendor="X.Org Foundation"
[    16.810] 	compiled for 1.20.8, module version = 1.0.0
[    16.810] 	ABI class: X.Org Server Extension, version 10.0
[    16.810] (==) Matched vmware as autoconfigured driver 0
[    16.810] (==) Matched modesetting as autoconfigured driver 1
[    16.810] (==) Matched fbdev as autoconfigured driver 2
[    16.810] (==) Matched vesa as autoconfigured driver 3
[    16.810] (==) Assigned the driver to the xf86ConfigLayout
[    16.810] (II) LoadModule: "vmware"
[    16.811] (II) Loading /usr/lib/xorg/modules/drivers/vmware_drv.so
[    16.833] (II) Module vmware: vendor="X.Org Foundation"
[    16.833] 	compiled for 1.20.1, module version = 13.3.0
[    16.834] 	Module class: X.Org Video Driver
[    16.834] 	ABI class: X.Org Video Driver, version 24.0
[    16.834] (II) LoadModule: "modesetting"
[    16.834] (II) Loading /usr/lib/xorg/modules/drivers/modesetting_drv.so
[    16.834] (II) Module modesetting: vendor="X.Org Foundation"
[    16.834] 	compiled for 1.20.8, module version = 1.20.8
[    16.834] 	Module class: X.Org Video Driver
[    16.834] 	ABI class: X.Org Video Driver, version 24.1
[    16.834] (II) LoadModule: "fbdev"
[    16.834] (II) Loading /usr/lib/xorg/modules/drivers/fbdev_drv.so
[    16.834] (II) Module fbdev: vendor="X.Org Foundation"
[    16.834] 	compiled for 1.20.1, module version = 0.5.0
[    16.834] 	Module class: X.Org Video Driver
[    16.835] 	ABI class: X.Org Video Driver, version 24.0
[    16.835] (II) LoadModule: "vesa"
[    16.835] (II) Loading /usr/lib/xorg/modules/drivers/vesa_drv.so
[    16.835] (II) Module vesa: vendor="X.Org Foundation"
[    16.835] 	compiled for 1.20.1, module version = 2.4.0
[    16.835] 	Module class: X.Org Video Driver
[    16.835] 	ABI class: X.Org Video Driver, version 24.0
[    16.835] (II) vmware: driver for VMware SVGA: vmware0405, vmware0710
[    16.835] (II) modesetting: Driver for Modesetting Kernel Drivers: kms
[    16.835] (II) FBDEV: driver for framebuffer: fbdev
[    16.836] (II) VESA: driver for VESA chipsets: vesa
[    16.836] xf86EnableIOPorts: failed to set IOPL for I/O (Operation not permitted)
[    16.836] (WW) Falling back to old probe method for modesetting
[    16.836] (WW) Falling back to old probe method for fbdev
[    16.836] (II) Loading sub module "fbdevhw"
[    16.836] (II) LoadModule: "fbdevhw"
[    16.836] (II) Loading /usr/lib/xorg/modules/libfbdevhw.so
[    16.836] (II) Module fbdevhw: vendor="X.Org Foundation"
[    16.836] 	compiled for 1.20.8, module version = 0.0.2
[    16.836] 	ABI class: X.Org Video Driver, version 24.1
[    16.836] (EE) open /dev/fb0: Permission denied
[    16.836] (WW) VGA arbiter: cannot open kernel arbiter, no multi-card support
[    16.836] (II) vmware(0): Creating default Display subsection in Screen section
	"Default Screen Section" for depth/fbbpp 24/32
[    16.836] (--) vmware(0): DRM driver version is 2.15.0
[    16.836] (==) vmware(0): Depth 24, (--) framebuffer bpp 32
[    16.836] (==) vmware(0): RGB weight 888
[    16.836] (==) vmware(0): Default visual is TrueColor
[    16.837] (--) vmware(0): Min width 1, Max Width 8192.
[    16.837] (--) vmware(0): Min height 1, Max Height 8192.
[    16.837] (II) vmware(0): Output Virtual1 has no monitor section
[    16.837] (II) vmware(0): Output Virtual2 has no monitor section
[    16.837] (II) vmware(0): Output Virtual3 has no monitor section
[    16.837] (II) vmware(0): Output Virtual4 has no monitor section
[    16.837] (II) vmware(0): Output Virtual5 has no monitor section
[    16.837] (II) vmware(0): Output Virtual6 has no monitor section
[    16.837] (II) vmware(0): Output Virtual7 has no monitor section
[    16.837] (II) vmware(0): Output Virtual8 has no monitor section
[    16.837] (II) vmware(0): Printing probed modes for output Virtual1
[    16.837] (II) vmware(0): Modeline "800x600"x60.0   42.75  800 850 900 950  600 650 700 750 -hsync +vsync (45.0 kHz eP)
[    16.837] (II) vmware(0): Modeline "2560x1600"x60.0  348.50  2560 2752 3032 3504  1600 1603 1609 1658 -hsync +vsync (99.5 kHz e)
[    16.838] (II) vmware(0): Modeline "1920x1440"x60.0  234.00  1920 2048 2256 2600  1440 1441 1444 1500 -hsync +vsync (90.0 kHz e)
[    16.838] (II) vmware(0): Modeline "1856x1392"x60.0  218.25  1856 1952 2176 2528  1392 1393 1396 1439 -hsync +vsync (86.3 kHz e)
[    16.838] (II) vmware(0): Modeline "1792x1344"x60.0  204.75  1792 1920 2120 2448  1344 1345 1348 1394 -hsync +vsync (83.6 kHz e)
[    16.838] (II) vmware(0): Modeline "1920x1200"x59.9  193.25  1920 2056 2256 2592  1200 1203 1209 1245 -hsync +vsync (74.6 kHz e)
[    16.838] (II) vmware(0): Modeline "1600x1200"x60.0  162.00  1600 1664 1856 2160  1200 1201 1204 1250 +hsync +vsync (75.0 kHz e)
[    16.838] (II) vmware(0): Modeline "1680x1050"x60.0  146.25  1680 1784 1960 2240  1050 1053 1059 1089 -hsync +vsync (65.3 kHz e)
[    16.838] (II) vmware(0): Modeline "1400x1050"x60.0  121.75  1400 1488 1632 1864  1050 1053 1057 1089 -hsync +vsync (65.3 kHz e)
[    16.838] (II) vmware(0): Modeline "1280x1024"x60.0  108.00  1280 1328 1440 1688  1024 1025 1028 1066 +hsync +vsync (64.0 kHz e)
[    16.838] (II) vmware(0): Modeline "1440x900"x59.9  106.50  1440 1520 1672 1904  900 903 909 934 -hsync +vsync (55.9 kHz e)
[    16.838] (II) vmware(0): Modeline "1280x960"x60.0  108.00  1280 1376 1488 1800  960 961 964 1000 +hsync +vsync (60.0 kHz e)
[    16.838] (II) vmware(0): Modeline "1360x768"x60.0   85.50  1360 1424 1536 1792  768 771 777 795 +hsync +vsync (47.7 kHz e)
[    16.838] (II) vmware(0): Modeline "1280x800"x59.8   83.50  1280 1352 1480 1680  800 803 809 831 +hsync -vsync (49.7 kHz e)
[    16.838] (II) vmware(0): Modeline "1152x864"x75.0  108.00  1152 1216 1344 1600  864 865 868 900 +hsync +vsync (67.5 kHz e)
[    16.838] (II) vmware(0): Modeline "1280x768"x59.9   79.50  1280 1344 1472 1664  768 771 778 798 -hsync +vsync (47.8 kHz e)
[    16.838] (II) vmware(0): Modeline "1024x768"x60.0   65.00  1024 1048 1184 1344  768 771 777 806 -hsync -vsync (48.4 kHz e)
[    16.838] (II) vmware(0): Modeline "800x600"x60.3   40.00  800 840 968 1056  600 601 605 628 +hsync +vsync (37.9 kHz e)
[    16.838] (II) vmware(0): Modeline "640x480"x59.9   25.18  640 656 752 800  480 489 492 525 -hsync -vsync (31.5 kHz e)
[    16.838] (II) vmware(0): EDID for output Virtual2
[    16.838] (II) vmware(0): EDID for output Virtual3
[    16.839] (II) vmware(0): EDID for output Virtual4
[    16.839] (II) vmware(0): EDID for output Virtual5
[    16.839] (II) vmware(0): EDID for output Virtual6
[    16.839] (II) vmware(0): EDID for output Virtual7
[    16.839] (II) vmware(0): EDID for output Virtual8
[    16.839] (II) vmware(0): Output Virtual1 connected
[    16.839] (II) vmware(0): Output Virtual2 disconnected
[    16.839] (II) vmware(0): Output Virtual3 disconnected
[    16.839] (II) vmware(0): Output Virtual4 disconnected
[    16.839] (II) vmware(0): Output Virtual5 disconnected
[    16.839] (II) vmware(0): Output Virtual6 disconnected
[    16.839] (II) vmware(0): Output Virtual7 disconnected
[    16.839] (II) vmware(0): Output Virtual8 disconnected
[    16.839] (II) vmware(0): Using exact sizes for initial modes
[    16.839] (II) vmware(0): Output Virtual1 using initial mode 800x600 +0+0
[    16.839] (==) vmware(0): DPI set to (96, 96)
[    16.839] (==) vmware(0): Using gamma correction (1.0, 1.0, 1.0)
[    16.839] (II) Loading sub module "fb"
[    16.839] (II) LoadModule: "fb"
[    16.839] (II) Loading /usr/lib/xorg/modules/libfb.so
[    16.839] (II) Module fb: vendor="X.Org Foundation"
[    16.839] 	compiled for 1.20.8, module version = 1.0.0
[    16.840] 	ABI class: X.Org ANSI C Emulation, version 0.4
[    16.840] (II) Loading sub module "dri2"
[    16.840] (II) LoadModule: "dri2"
[    16.840] (II) Module "dri2" already built-in
[    16.840] (II) Loading sub module "dri3"
[    16.840] (II) LoadModule: "dri3"
[    16.840] (II) Module "dri3" already built-in
[    16.840] (II) UnloadModule: "modesetting"
[    16.840] (II) Unloading modesetting
[    16.840] (II) UnloadModule: "fbdev"
[    16.840] (II) Unloading fbdev
[    16.840] (II) UnloadSubModule: "fbdevhw"
[    16.840] (II) Unloading fbdevhw
[    16.840] (II) UnloadModule: "vesa"
[    16.840] (II) Unloading vesa
[    16.841] (II) vmware(0): Initialized VMWARE_CTRL extension version 0.2
[    16.842] (WW) vmware(0): Failed to initialize Gallium3D Xa. No render acceleration available.
[    16.842] (WW) vmware(0): Skipped initialization of direct rendering due to lack of render acceleration.
[    16.842] (--) vmware(0): Render acceleration is disabled.
[    16.842] (==) vmware(0): Rendercheck mode is disabled.
[    16.842] (--) vmware(0): Direct rendering (DRI2 3D) is disabled.
[    16.842] (--) vmware(0): Direct rendering (DRI3 3D) is disabled.
[    16.842] (==) vmware(0): Backing store enabled
[    16.843] (==) vmware(0): Silken mouse enabled
[    16.843] (==) vmware(0): DPMS enabled
[    16.843] (II) vmware(0): No 3D acceleration. Not setting up textured video.
[    16.843] (WW) vmware(0): Disabling Xv because no adaptors could be initialized.
[    16.843] (II) Initializing extension Generic Event Extension
[    16.843] (II) Initializing extension SHAPE
[    16.843] (II) Initializing extension MIT-SHM
[    16.843] (II) Initializing extension XInputExtension
[    16.843] (II) Initializing extension XTEST
[    16.843] (II) Initializing extension BIG-REQUESTS
[    16.843] (II) Initializing extension SYNC
[    16.843] (II) Initializing extension XKEYBOARD
[    16.844] (II) Initializing extension XC-MISC
[    16.844] (II) Initializing extension SECURITY
[    16.844] (II) Initializing extension XFIXES
[    16.844] (II) Initializing extension RENDER
[    16.844] (II) Initializing extension RANDR
[    16.844] (II) Initializing extension COMPOSITE
[    16.844] (II) Initializing extension DAMAGE
[    16.844] (II) Initializing extension MIT-SCREEN-SAVER
[    16.844] (II) Initializing extension DOUBLE-BUFFER
[    16.844] (II) Initializing extension RECORD
[    16.844] (II) Initializing extension DPMS
[    16.844] (II) Initializing extension Present
[    16.845] (II) Initializing extension DRI3
[    16.845] (II) Initializing extension X-Resource
[    16.845] (II) Initializing extension XVideo
[    16.845] (II) Initializing extension XVideo-MotionCompensation
[    16.845] (II) Initializing extension SELinux
[    16.845] (II) SELinux: Disabled on system
[    16.845] (II) Initializing extension GLX
[    16.845] (II) AIGLX: Screen 0 is not DRI2 capable
[    16.847] (II) IGLX: Loaded and initialized swrast
[    16.847] (II) GLX: Initialized DRISWRAST GL provider for screen 0
[    16.847] (II) Initializing extension XFree86-VidModeExtension
[    16.847] (II) Initializing extension XFree86-DGA
[    16.847] (II) Initializing extension XFree86-DRI
[    16.847] (II) Initializing extension DRI2
[    16.849] (II) vmware(0): Setting screen physical size to 211 x 158
[    16.865] (II) config/udev: Adding input device Power Button (/dev/input/event0)
[    16.865] (**) Power Button: Applying InputClass "libinput keyboard catchall"
[    16.865] (II) LoadModule: "libinput"
[    16.865] (II) Loading /usr/lib/xorg/modules/input/libinput_drv.so
[    16.866] (II) Module libinput: vendor="X.Org Foundation"
[    16.866] 	compiled for 1.20.1, module version = 0.28.1
[    16.866] 	Module class: X.Org XInput Driver
[    16.866] 	ABI class: X.Org XInput driver, version 24.1
[    16.866] (II) Using input driver 'libinput' for 'Power Button'
[    16.873] (II) systemd-logind: got fd for /dev/input/event0 13:64 fd 21 paused 0
[    16.873] (**) Power Button: always reports core events
[    16.873] (**) Option "Device" "/dev/input/event0"
[    16.873] (**) Option "_source" "server/udev"
[    16.874] (II) event0  - Power Button: is tagged by udev as: Keyboard
[    16.874] (II) event0  - Power Button: device is a keyboard
[    16.875] (II) event0  - Power Button: device removed
[    16.875] (**) Option "config_info" "udev:/sys/devices/LNXSYSTM:00/LNXPWRBN:00/input/input0/event0"
[    16.875] (II) XINPUT: Adding extended input device "Power Button" (type: KEYBOARD, id 6)
[    16.875] (**) Option "xkb_model" "pc105"
[    16.875] (**) Option "xkb_layout" "us"
[    16.875] (II) event0  - Power Button: is tagged by udev as: Keyboard
[    16.875] (II) event0  - Power Button: device is a keyboard
[    16.876] (II) config/udev: Adding input device Sleep Button (/dev/input/event1)
[    16.876] (**) Sleep Button: Applying InputClass "libinput keyboard catchall"
[    16.876] (II) Using input driver 'libinput' for 'Sleep Button'
[    16.877] (II) systemd-logind: got fd for /dev/input/event1 13:65 fd 24 paused 0
[    16.877] (**) Sleep Button: always reports core events
[    16.877] (**) Option "Device" "/dev/input/event1"
[    16.877] (**) Option "_source" "server/udev"
[    16.877] (II) event1  - Sleep Button: is tagged by udev as: Keyboard
[    16.877] (II) event1  - Sleep Button: device is a keyboard
[    16.878] (II) event1  - Sleep Button: device removed
[    16.878] (**) Option "config_info" "udev:/sys/devices/LNXSYSTM:00/LNXSLPBN:00/input/input1/event1"
[    16.878] (II) XINPUT: Adding extended input device "Sleep Button" (type: KEYBOARD, id 7)
[    16.878] (**) Option "xkb_model" "pc105"
[    16.878] (**) Option "xkb_layout" "us"
[    16.878] (II) event1  - Sleep Button: is tagged by udev as: Keyboard
[    16.878] (II) event1  - Sleep Button: device is a keyboard
[    16.879] (II) config/udev: Adding input device Video Bus (/dev/input/event3)
[    16.879] (**) Video Bus: Applying InputClass "libinput keyboard catchall"
[    16.879] (II) Using input driver 'libinput' for 'Video Bus'
[    16.880] (II) systemd-logind: got fd for /dev/input/event3 13:67 fd 25 paused 0
[    16.880] (**) Video Bus: always reports core events
[    16.880] (**) Option "Device" "/dev/input/event3"
[    16.880] (**) Option "_source" "server/udev"
[    16.880] (II) event3  - Video Bus: is tagged by udev as: Keyboard
[    16.880] (II) event3  - Video Bus: device is a keyboard
[    16.880] (II) event3  - Video Bus: device removed
[    16.880] (**) Option "config_info" "udev:/sys/devices/LNXSYSTM:00/LNXSYBUS:00/PNP0A03:00/LNXVIDEO:00/input/input4/event3"
[    16.880] (II) XINPUT: Adding extended input device "Video Bus" (type: KEYBOARD, id 8)
[    16.880] (**) Option "xkb_model" "pc105"
[    16.880] (**) Option "xkb_layout" "us"
[    16.881] (II) event3  - Video Bus: is tagged by udev as: Keyboard
[    16.881] (II) event3  - Video Bus: device is a keyboard
[    16.882] (II) config/udev: Adding input device VirtualBox mouse integration (/dev/input/event6)
[    16.882] (**) VirtualBox mouse integration: Applying InputClass "libinput pointer catchall"
[    16.882] (II) Using input driver 'libinput' for 'VirtualBox mouse integration'
[    16.883] (II) systemd-logind: got fd for /dev/input/event6 13:70 fd 26 paused 0
[    16.883] (**) VirtualBox mouse integration: always reports core events
[    16.883] (**) Option "Device" "/dev/input/event6"
[    16.883] (**) Option "_source" "server/udev"
[    16.884] (II) event6  - VirtualBox mouse integration: is tagged by udev as: Mouse
[    16.884] (II) event6  - VirtualBox mouse integration: device is a pointer
[    16.884] (II) event6  - VirtualBox mouse integration: device removed
[    16.884] (**) Option "config_info" "udev:/sys/devices/pci0000:00/0000:00:04.0/input/input7/event6"
[    16.884] (II) XINPUT: Adding extended input device "VirtualBox mouse integration" (type: MOUSE, id 9)
[    16.884] (**) Option "AccelerationScheme" "none"
[    16.884] (**) VirtualBox mouse integration: (accel) selected scheme none/0
[    16.884] (**) VirtualBox mouse integration: (accel) acceleration factor: 2.000
[    16.884] (**) VirtualBox mouse integration: (accel) acceleration threshold: 4
[    16.884] (II) event6  - VirtualBox mouse integration: is tagged by udev as: Mouse
[    16.884] (II) event6  - VirtualBox mouse integration: device is a pointer
[    16.885] (II) config/udev: Adding input device VirtualBox mouse integration (/dev/input/js1)
[    16.885] (II) No input driver specified, ignoring this device.
[    16.886] (II) This device may have been added with another device file.
[    16.886] (II) config/udev: Adding input device VirtualBox USB Tablet (/dev/input/event5)
[    16.886] (**) VirtualBox USB Tablet: Applying InputClass "libinput pointer catchall"
[    16.886] (II) Using input driver 'libinput' for 'VirtualBox USB Tablet'
[    16.887] (II) systemd-logind: got fd for /dev/input/event5 13:69 fd 27 paused 0
[    16.887] (**) VirtualBox USB Tablet: always reports core events
[    16.887] (**) Option "Device" "/dev/input/event5"
[    16.887] (**) Option "_source" "server/udev"
[    16.887] (II) event5  - VirtualBox USB Tablet: is tagged by udev as: Mouse
[    16.888] (II) event5  - VirtualBox USB Tablet: device is a pointer
[    16.888] (II) event5  - VirtualBox USB Tablet: device removed
[    16.888] (**) Option "config_info" "udev:/sys/devices/pci0000:00/0000:00:06.0/usb1/1-1/1-1:1.0/0003:80EE:0021.0001/input/input6/event5"
[    16.888] (II) XINPUT: Adding extended input device "VirtualBox USB Tablet" (type: MOUSE, id 10)
[    16.888] (**) Option "AccelerationScheme" "none"
[    16.888] (**) VirtualBox USB Tablet: (accel) selected scheme none/0
[    16.888] (**) VirtualBox USB Tablet: (accel) acceleration factor: 2.000
[    16.888] (**) VirtualBox USB Tablet: (accel) acceleration threshold: 4
[    16.888] (II) event5  - VirtualBox USB Tablet: is tagged by udev as: Mouse
[    16.888] (II) event5  - VirtualBox USB Tablet: device is a pointer
[    16.889] (II) config/udev: Adding input device VirtualBox USB Tablet (/dev/input/js0)
[    16.890] (II) No input driver specified, ignoring this device.
[    16.890] (II) This device may have been added with another device file.
[    16.891] (II) config/udev: Adding input device VirtualBox USB Tablet (/dev/input/mouse1)
[    16.891] (II) No input driver specified, ignoring this device.
[    16.891] (II) This device may have been added with another device file.
[    16.891] (II) config/udev: Adding input device AT Translated Set 2 keyboard (/dev/input/event2)
[    16.891] (**) AT Translated Set 2 keyboard: Applying InputClass "libinput keyboard catchall"
[    16.891] (II) Using input driver 'libinput' for 'AT Translated Set 2 keyboard'
[    16.892] (II) systemd-logind: got fd for /dev/input/event2 13:66 fd 28 paused 0
[    16.892] (**) AT Translated Set 2 keyboard: always reports core events
[    16.892] (**) Option "Device" "/dev/input/event2"
[    16.892] (**) Option "_source" "server/udev"
[    16.893] (II) event2  - AT Translated Set 2 keyboard: is tagged by udev as: Keyboard
[    16.893] (II) event2  - AT Translated Set 2 keyboard: device is a keyboard
[    16.893] (II) event2  - AT Translated Set 2 keyboard: device removed
[    16.893] (**) Option "config_info" "udev:/sys/devices/platform/i8042/serio0/input/input2/event2"
[    16.893] (II) XINPUT: Adding extended input device "AT Translated Set 2 keyboard" (type: KEYBOARD, id 11)
[    16.893] (**) Option "xkb_model" "pc105"
[    16.893] (**) Option "xkb_layout" "us"
[    16.893] (II) event2  - AT Translated Set 2 keyboard: is tagged by udev as: Keyboard
[    16.893] (II) event2  - AT Translated Set 2 keyboard: device is a keyboard
[    16.896] (II) config/udev: Adding input device ImExPS/2 Generic Explorer Mouse (/dev/input/event4)
[    16.897] (**) ImExPS/2 Generic Explorer Mouse: Applying InputClass "libinput pointer catchall"
[    16.897] (II) Using input driver 'libinput' for 'ImExPS/2 Generic Explorer Mouse'
[    16.897] (II) systemd-logind: got fd for /dev/input/event4 13:68 fd 29 paused 0
[    16.897] (**) ImExPS/2 Generic Explorer Mouse: always reports core events
[    16.897] (**) Option "Device" "/dev/input/event4"
[    16.897] (**) Option "_source" "server/udev"
[    16.898] (II) event4  - ImExPS/2 Generic Explorer Mouse: is tagged by udev as: Mouse
[    16.898] (II) event4  - ImExPS/2 Generic Explorer Mouse: device is a pointer
[    16.898] (II) event4  - ImExPS/2 Generic Explorer Mouse: device removed
[    16.898] (**) Option "config_info" "udev:/sys/devices/platform/i8042/serio1/input/input5/event4"
[    16.898] (II) XINPUT: Adding extended input device "ImExPS/2 Generic Explorer Mouse" (type: MOUSE, id 12)
[    16.898] (**) Option "AccelerationScheme" "none"
[    16.898] (**) ImExPS/2 Generic Explorer Mouse: (accel) selected scheme none/0
[    16.898] (**) ImExPS/2 Generic Explorer Mouse: (accel) acceleration factor: 2.000
[    16.898] (**) ImExPS/2 Generic Explorer Mouse: (accel) acceleration threshold: 4
[    16.899] (II) event4  - ImExPS/2 Generic Explorer Mouse: is tagged by udev as: Mouse
[    16.899] (II) event4  - ImExPS/2 Generic Explorer Mouse: device is a pointer
[    16.899] (II) config/udev: Adding input device ImExPS/2 Generic Explorer Mouse (/dev/input/mouse0)
[    16.899] (II) No input driver specified, ignoring this device.
[    16.899] (II) This device may have been added with another device file.
[    17.279] (EE) No surface to present from.
[  4282.412] (II) event4  - ImExPS/2 Generic Explorer Mouse: Enabling spurious button debouncing, see https://wayland.freedesktop.org/libinput/doc/1.10.4/button_debouncing.html for details
